<?xml version="1.0" encoding="utf-8"?>
<ExecutionResult xmlns:xsi="http://www.w3.org/2001/XMLSchema-instance" xmlns:xsd="http://www.w3.org/2001/XMLSchema">
  <Name>NetCore tests execution</Name>
  <Start>2024-05-30T16:10:45.8666897-05:00</Start>
  <End>2024-05-30T16:10:46.3843411-05:00</End>
  <WebSettings>
    <Browser>Unknown</Browser>
    <BaseURL />
    <VerifyStopsExecution>false</VerifyStopsExecution>
    <FullPageScreenshot>false</FullPageScreenshot>
    <FileUploadBasePath />
    <ScreenshotMode>Never</ScreenshotMode>
    <HtmlMode>Never</HtmlMode>
    <Arguments />
    <LogLevel>Off</LogLevel>
  </WebSettings>
  <RestSettings />
  <SuiteResults />
  <TestResults>
    <TestResult>
      <Name>Tests.AttractionListTest</Name>
      <TestType>Unit</TestType>
      <Result>WARNING</Result>
      <Start>2024-05-30T16:10:46.2537636-05:00</Start>
      <End>2024-05-30T16:10:46.3507419-05:00</End>
      <RetriesMade>0</RetriesMade>
      <RetriesOnError>0</RetriesOnError>
      <ContinueOnError>true</ContinueOnError>
      <ErrorMsg />
      <ErrorStack />
      <ElapsedTime>96</ElapsedTime>
      <Browser />
      <BrowserVersion />
      <Steps />
    </TestResult>
  </TestResults>
</ExecutionResult>